app/build/intermediates/manifest_merge_blame_file/debug/processDebugMainManifest/manifest-merger-blame-debug-report.txt
1<?xml version="1.0" encoding="utf-8"?>
2<manifest xmlns:android="http://schemas.android.com/apk/res/android"
3    package="com.reyaz.milliaconnect1.debug"
4    android:versionCode="12"
5    android:versionName="2.0.3-debug" >
6
7    <uses-sdk
8        android:minSdkVersion="26"
9        android:targetSdkVersion="35" />
10
11    <uses-permission android:name="android.permission.CHANGE_NETWORK_STATE" />
11-->src/main/AndroidManifest.xml:5:5-78
11-->src/main/AndroidManifest.xml:5:22-76
12    <uses-permission android:name="android.permission.ACCESS_NETWORK_STATE" />
12-->src/main/AndroidManifest.xml:6:5-78
12-->src/main/AndroidManifest.xml:6:22-76
13    <uses-permission android:name="android.permission.ACCESS_WIFI_STATE" />
13-->src/main/AndroidManifest.xml:7:5-76
13-->src/main/AndroidManifest.xml:7:22-73
14    <uses-permission android:name="android.permission.INTERNET" />
14-->src/main/AndroidManifest.xml:8:5-67
14-->src/main/AndroidManifest.xml:8:22-64
15    <uses-permission android:name="android.permission.POST_NOTIFICATIONS" />
15-->src/main/AndroidManifest.xml:9:5-77
15-->src/main/AndroidManifest.xml:9:22-74
16    <uses-permission android:name="android.permission.WAKE_LOCK" />
16-->[androidx.work:work-runtime:2.10.0] AndroidManifest.xml:23:5-68
16-->[androidx.work:work-runtime:2.10.0] AndroidManifest.xml:23:22-65
17    <uses-permission android:name="android.permission.RECEIVE_BOOT_COMPLETED" />
17-->[androidx.work:work-runtime:2.10.0] AndroidManifest.xml:25:5-81
17-->[androidx.work:work-runtime:2.10.0] AndroidManifest.xml:25:22-78
18    <uses-permission android:name="android.permission.FOREGROUND_SERVICE" />
18-->[androidx.work:work-runtime:2.10.0] AndroidManifest.xml:26:5-77
18-->[androidx.work:work-runtime:2.10.0] AndroidManifest.xml:26:22-74
19
20    <permission
20-->[androidx.core:core:1.15.0] AndroidManifest.xml:22:5-24:47
21        android:name="com.reyaz.milliaconnect1.debug.DYNAMIC_RECEIVER_NOT_EXPORTED_PERMISSION"
21-->[androidx.core:core:1.15.0] AndroidManifest.xml:23:9-81
22        android:protectionLevel="signature" />
22-->[androidx.core:core:1.15.0] AndroidManifest.xml:24:9-44
23
24    <uses-permission android:name="com.reyaz.milliaconnect1.debug.DYNAMIC_RECEIVER_NOT_EXPORTED_PERMISSION" />
24-->[androidx.core:core:1.15.0] AndroidManifest.xml:26:5-97
24-->[androidx.core:core:1.15.0] AndroidManifest.xml:26:22-94
25
26    <application
26-->src/main/AndroidManifest.xml:11:5-49:19
27        android:name="com.reyaz.milliaconnect1.BaseApplication"
27-->src/main/AndroidManifest.xml:12:9-40
28        android:allowBackup="true"
28-->src/main/AndroidManifest.xml:13:9-35
29        android:appComponentFactory="androidx.core.app.CoreComponentFactory"
29-->[androidx.core:core:1.15.0] AndroidManifest.xml:28:18-86
30        android:dataExtractionRules="@xml/data_extraction_rules"
30-->src/main/AndroidManifest.xml:14:9-65
31        android:debuggable="true"
32        android:extractNativeLibs="false"
33        android:fullBackupContent="@xml/backup_rules"
33-->src/main/AndroidManifest.xml:15:9-54
34        android:hardwareAccelerated="true"
34-->[io.github.afreakyelf:Pdf-Viewer:2.3.7] AndroidManifest.xml:10:18-52
35        android:icon="@mipmap/ic_launcher"
35-->src/main/AndroidManifest.xml:16:9-43
36        android:label="@string/app_name"
36-->src/main/AndroidManifest.xml:17:9-41
37        android:roundIcon="@mipmap/ic_launcher_round"
37-->src/main/AndroidManifest.xml:18:9-54
38        android:supportsRtl="true"
38-->src/main/AndroidManifest.xml:19:9-35
39        android:testOnly="true"
40        android:theme="@style/Theme.SplashScreen.Splash"
40-->src/main/AndroidManifest.xml:20:9-57
41        android:usesCleartextTraffic="true" >
41-->src/main/AndroidManifest.xml:21:9-44
42        <activity
42-->src/main/AndroidManifest.xml:24:9-48:20
43            android:name="com.reyaz.milliaconnect1.MainActivity"
43-->src/main/AndroidManifest.xml:25:13-41
44            android:exported="true"
44-->src/main/AndroidManifest.xml:26:13-36
45            android:label="@string/app_name"
45-->src/main/AndroidManifest.xml:27:13-45
46            android:theme="@style/Theme.SplashScreen.Splash" >
46-->src/main/AndroidManifest.xml:28:13-61
47            <intent-filter>
47-->src/main/AndroidManifest.xml:30:13-33:29
48                <action android:name="android.net.conn.CAPTIVE_PORTAL" />
48-->src/main/AndroidManifest.xml:31:17-73
48-->src/main/AndroidManifest.xml:31:25-71
49
50                <category android:name="android.intent.category.DEFAULT" />
50-->src/main/AndroidManifest.xml:32:17-75
50-->src/main/AndroidManifest.xml:32:27-73
51            </intent-filter>
52            <intent-filter>
52-->src/main/AndroidManifest.xml:35:13-38:29
53                <action android:name="android.intent.action.MAIN" />
53-->src/main/AndroidManifest.xml:36:17-69
53-->src/main/AndroidManifest.xml:36:25-66
54
55                <category android:name="android.intent.category.LAUNCHER" />
55-->src/main/AndroidManifest.xml:37:17-77
55-->src/main/AndroidManifest.xml:37:27-74
56            </intent-filter>
57            <intent-filter>
57-->src/main/AndroidManifest.xml:40:13-46:29
58                <action android:name="android.intent.action.VIEW" />
58-->src/main/AndroidManifest.xml:41:17-69
58-->src/main/AndroidManifest.xml:41:25-66
59
60                <category android:name="android.intent.category.DEFAULT" />
60-->src/main/AndroidManifest.xml:32:17-75
60-->src/main/AndroidManifest.xml:32:27-73
61                <category android:name="android.intent.category.BROWSABLE" />
61-->src/main/AndroidManifest.xml:43:17-78
61-->src/main/AndroidManifest.xml:43:27-75
62                <!-- supports format reyaz://milliaconnect -->
63                <data
63-->src/main/AndroidManifest.xml:45:17-77
64                    android:host="milliaconnect"
64-->src/main/AndroidManifest.xml:45:46-74
65                    android:scheme="reyaz" />
65-->src/main/AndroidManifest.xml:45:23-45
66            </intent-filter>
67        </activity>
68        <activity
68-->[io.github.afreakyelf:Pdf-Viewer:2.3.7] AndroidManifest.xml:11:9-13:58
69            android:name="com.rajat.pdfviewer.PdfViewerActivity"
69-->[io.github.afreakyelf:Pdf-Viewer:2.3.7] AndroidManifest.xml:12:13-65
70            android:windowSoftInputMode="adjustResize" />
70-->[io.github.afreakyelf:Pdf-Viewer:2.3.7] AndroidManifest.xml:13:13-55
71
72        <provider
72-->[androidx.work:work-runtime:2.10.0] AndroidManifest.xml:29:9-37:20
73            android:name="androidx.startup.InitializationProvider"
73-->[androidx.work:work-runtime:2.10.0] AndroidManifest.xml:30:13-67
74            android:authorities="com.reyaz.milliaconnect1.debug.androidx-startup"
74-->[androidx.work:work-runtime:2.10.0] AndroidManifest.xml:31:13-68
75            android:exported="false" >
75-->[androidx.work:work-runtime:2.10.0] AndroidManifest.xml:32:13-37
76            <meta-data
76-->[androidx.work:work-runtime:2.10.0] AndroidManifest.xml:34:13-36:52
77                android:name="androidx.work.WorkManagerInitializer"
77-->[androidx.work:work-runtime:2.10.0] AndroidManifest.xml:35:17-68
78                android:value="androidx.startup" />
78-->[androidx.work:work-runtime:2.10.0] AndroidManifest.xml:36:17-49
79            <meta-data
79-->[androidx.emoji2:emoji2:1.4.0] AndroidManifest.xml:29:13-31:52
80                android:name="androidx.emoji2.text.EmojiCompatInitializer"
80-->[androidx.emoji2:emoji2:1.4.0] AndroidManifest.xml:30:17-75
81                android:value="androidx.startup" />
81-->[androidx.emoji2:emoji2:1.4.0] AndroidManifest.xml:31:17-49
82            <meta-data
82-->[androidx.lifecycle:lifecycle-process:2.8.7] AndroidManifest.xml:29:13-31:52
83                android:name="androidx.lifecycle.ProcessLifecycleInitializer"
83-->[androidx.lifecycle:lifecycle-process:2.8.7] AndroidManifest.xml:30:17-78
84                android:value="androidx.startup" />
84-->[androidx.lifecycle:lifecycle-process:2.8.7] AndroidManifest.xml:31:17-49
85            <meta-data
85-->[androidx.profileinstaller:profileinstaller:1.4.0] AndroidManifest.xml:29:13-31:52
86                android:name="androidx.profileinstaller.ProfileInstallerInitializer"
86-->[androidx.profileinstaller:profileinstaller:1.4.0] AndroidManifest.xml:30:17-85
87                android:value="androidx.startup" />
87-->[androidx.profileinstaller:profileinstaller:1.4.0] AndroidManifest.xml:31:17-49
88        </provider>
89
90        <service
90-->[androidx.work:work-runtime:2.10.0] AndroidManifest.xml:39:9-45:35
91            android:name="androidx.work.impl.background.systemalarm.SystemAlarmService"
91-->[androidx.work:work-runtime:2.10.0] AndroidManifest.xml:40:13-88
92            android:directBootAware="false"
92-->[androidx.work:work-runtime:2.10.0] AndroidManifest.xml:41:13-44
93            android:enabled="@bool/enable_system_alarm_service_default"
93-->[androidx.work:work-runtime:2.10.0] AndroidManifest.xml:42:13-72
94            android:exported="false" />
94-->[androidx.work:work-runtime:2.10.0] AndroidManifest.xml:43:13-37
95        <service
95-->[androidx.work:work-runtime:2.10.0] AndroidManifest.xml:46:9-52:35
96            android:name="androidx.work.impl.background.systemjob.SystemJobService"
96-->[androidx.work:work-runtime:2.10.0] AndroidManifest.xml:47:13-84
97            android:directBootAware="false"
97-->[androidx.work:work-runtime:2.10.0] AndroidManifest.xml:48:13-44
98            android:enabled="@bool/enable_system_job_service_default"
98-->[androidx.work:work-runtime:2.10.0] AndroidManifest.xml:49:13-70
99            android:exported="true"
99-->[androidx.work:work-runtime:2.10.0] AndroidManifest.xml:50:13-36
100            android:permission="android.permission.BIND_JOB_SERVICE" />
100-->[androidx.work:work-runtime:2.10.0] AndroidManifest.xml:51:13-69
101        <service
101-->[androidx.work:work-runtime:2.10.0] AndroidManifest.xml:53:9-59:35
102            android:name="androidx.work.impl.foreground.SystemForegroundService"
102-->[androidx.work:work-runtime:2.10.0] AndroidManifest.xml:54:13-81
103            android:directBootAware="false"
103-->[androidx.work:work-runtime:2.10.0] AndroidManifest.xml:55:13-44
104            android:enabled="@bool/enable_system_foreground_service_default"
104-->[androidx.work:work-runtime:2.10.0] AndroidManifest.xml:56:13-77
105            android:exported="false" />
105-->[androidx.work:work-runtime:2.10.0] AndroidManifest.xml:57:13-37
106
107        <receiver
107-->[androidx.work:work-runtime:2.10.0] AndroidManifest.xml:61:9-66:35
108            android:name="androidx.work.impl.utils.ForceStopRunnable$BroadcastReceiver"
108-->[androidx.work:work-runtime:2.10.0] AndroidManifest.xml:62:13-88
109            android:directBootAware="false"
109-->[androidx.work:work-runtime:2.10.0] AndroidManifest.xml:63:13-44
110            android:enabled="true"
110-->[androidx.work:work-runtime:2.10.0] AndroidManifest.xml:64:13-35
111            android:exported="false" />
111-->[androidx.work:work-runtime:2.10.0] AndroidManifest.xml:65:13-37
112        <receiver
112-->[androidx.work:work-runtime:2.10.0] AndroidManifest.xml:67:9-77:20
113            android:name="androidx.work.impl.background.systemalarm.ConstraintProxy$BatteryChargingProxy"
113-->[androidx.work:work-runtime:2.10.0] AndroidManifest.xml:68:13-106
114            android:directBootAware="false"
114-->[androidx.work:work-runtime:2.10.0] AndroidManifest.xml:69:13-44
115            android:enabled="false"
115-->[androidx.work:work-runtime:2.10.0] AndroidManifest.xml:70:13-36
116            android:exported="false" >
116-->[androidx.work:work-runtime:2.10.0] AndroidManifest.xml:71:13-37
117            <intent-filter>
117-->[androidx.work:work-runtime:2.10.0] AndroidManifest.xml:73:13-76:29
118                <action android:name="android.intent.action.ACTION_POWER_CONNECTED" />
118-->[androidx.work:work-runtime:2.10.0] AndroidManifest.xml:74:17-87
118-->[androidx.work:work-runtime:2.10.0] AndroidManifest.xml:74:25-84
119                <action android:name="android.intent.action.ACTION_POWER_DISCONNECTED" />
119-->[androidx.work:work-runtime:2.10.0] AndroidManifest.xml:75:17-90
119-->[androidx.work:work-runtime:2.10.0] AndroidManifest.xml:75:25-87
120            </intent-filter>
121        </receiver>
122        <receiver
122-->[androidx.work:work-runtime:2.10.0] AndroidManifest.xml:78:9-88:20
123            android:name="androidx.work.impl.background.systemalarm.ConstraintProxy$BatteryNotLowProxy"
123-->[androidx.work:work-runtime:2.10.0] AndroidManifest.xml:79:13-104
124            android:directBootAware="false"
124-->[androidx.work:work-runtime:2.10.0] AndroidManifest.xml:80:13-44
125            android:enabled="false"
125-->[androidx.work:work-runtime:2.10.0] AndroidManifest.xml:81:13-36
126            android:exported="false" >
126-->[androidx.work:work-runtime:2.10.0] AndroidManifest.xml:82:13-37
127            <intent-filter>
127-->[androidx.work:work-runtime:2.10.0] AndroidManifest.xml:84:13-87:29
128                <action android:name="android.intent.action.BATTERY_OKAY" />
128-->[androidx.work:work-runtime:2.10.0] AndroidManifest.xml:85:17-77
128-->[androidx.work:work-runtime:2.10.0] AndroidManifest.xml:85:25-74
129                <action android:name="android.intent.action.BATTERY_LOW" />
129-->[androidx.work:work-runtime:2.10.0] AndroidManifest.xml:86:17-76
129-->[androidx.work:work-runtime:2.10.0] AndroidManifest.xml:86:25-73
130            </intent-filter>
131        </receiver>
132        <receiver
132-->[androidx.work:work-runtime:2.10.0] AndroidManifest.xml:89:9-99:20
133            android:name="androidx.work.impl.background.systemalarm.ConstraintProxy$StorageNotLowProxy"
133-->[androidx.work:work-runtime:2.10.0] AndroidManifest.xml:90:13-104
134            android:directBootAware="false"
134-->[androidx.work:work-runtime:2.10.0] AndroidManifest.xml:91:13-44
135            android:enabled="false"
135-->[androidx.work:work-runtime:2.10.0] AndroidManifest.xml:92:13-36
136            android:exported="false" >
136-->[androidx.work:work-runtime:2.10.0] AndroidManifest.xml:93:13-37
137            <intent-filter>
137-->[androidx.work:work-runtime:2.10.0] AndroidManifest.xml:95:13-98:29
138                <action android:name="android.intent.action.DEVICE_STORAGE_LOW" />
138-->[androidx.work:work-runtime:2.10.0] AndroidManifest.xml:96:17-83
138-->[androidx.work:work-runtime:2.10.0] AndroidManifest.xml:96:25-80
139                <action android:name="android.intent.action.DEVICE_STORAGE_OK" />
139-->[androidx.work:work-runtime:2.10.0] AndroidManifest.xml:97:17-82
139-->[androidx.work:work-runtime:2.10.0] AndroidManifest.xml:97:25-79
140            </intent-filter>
141        </receiver>
142        <receiver
142-->[androidx.work:work-runtime:2.10.0] AndroidManifest.xml:100:9-109:20
143            android:name="androidx.work.impl.background.systemalarm.ConstraintProxy$NetworkStateProxy"
143-->[androidx.work:work-runtime:2.10.0] AndroidManifest.xml:101:13-103
144            android:directBootAware="false"
144-->[androidx.work:work-runtime:2.10.0] AndroidManifest.xml:102:13-44
145            android:enabled="false"
145-->[androidx.work:work-runtime:2.10.0] AndroidManifest.xml:103:13-36
146            android:exported="false" >
146-->[androidx.work:work-runtime:2.10.0] AndroidManifest.xml:104:13-37
147            <intent-filter>
147-->[androidx.work:work-runtime:2.10.0] AndroidManifest.xml:106:13-108:29
148                <action android:name="android.net.conn.CONNECTIVITY_CHANGE" />
148-->[androidx.work:work-runtime:2.10.0] AndroidManifest.xml:107:17-79
148-->[androidx.work:work-runtime:2.10.0] AndroidManifest.xml:107:25-76
149            </intent-filter>
150        </receiver>
151        <receiver
151-->[androidx.work:work-runtime:2.10.0] AndroidManifest.xml:110:9-121:20
152            android:name="androidx.work.impl.background.systemalarm.RescheduleReceiver"
152-->[androidx.work:work-runtime:2.10.0] AndroidManifest.xml:111:13-88
153            android:directBootAware="false"
153-->[androidx.work:work-runtime:2.10.0] AndroidManifest.xml:112:13-44
154            android:enabled="false"
154-->[androidx.work:work-runtime:2.10.0] AndroidManifest.xml:113:13-36
155            android:exported="false" >
155-->[androidx.work:work-runtime:2.10.0] AndroidManifest.xml:114:13-37
156            <intent-filter>
156-->[androidx.work:work-runtime:2.10.0] AndroidManifest.xml:116:13-120:29
157                <action android:name="android.intent.action.BOOT_COMPLETED" />
157-->[androidx.work:work-runtime:2.10.0] AndroidManifest.xml:117:17-79
157-->[androidx.work:work-runtime:2.10.0] AndroidManifest.xml:117:25-76
158                <action android:name="android.intent.action.TIME_SET" />
158-->[androidx.work:work-runtime:2.10.0] AndroidManifest.xml:118:17-73
158-->[androidx.work:work-runtime:2.10.0] AndroidManifest.xml:118:25-70
159                <action android:name="android.intent.action.TIMEZONE_CHANGED" />
159-->[androidx.work:work-runtime:2.10.0] AndroidManifest.xml:119:17-81
159-->[androidx.work:work-runtime:2.10.0] AndroidManifest.xml:119:25-78
160            </intent-filter>
161        </receiver>
162        <receiver
162-->[androidx.work:work-runtime:2.10.0] AndroidManifest.xml:122:9-131:20
163            android:name="androidx.work.impl.background.systemalarm.ConstraintProxyUpdateReceiver"
163-->[androidx.work:work-runtime:2.10.0] AndroidManifest.xml:123:13-99
164            android:directBootAware="false"
164-->[androidx.work:work-runtime:2.10.0] AndroidManifest.xml:124:13-44
165            android:enabled="@bool/enable_system_alarm_service_default"
165-->[androidx.work:work-runtime:2.10.0] AndroidManifest.xml:125:13-72
166            android:exported="false" >
166-->[androidx.work:work-runtime:2.10.0] AndroidManifest.xml:126:13-37
167            <intent-filter>
167-->[androidx.work:work-runtime:2.10.0] AndroidManifest.xml:128:13-130:29
168                <action android:name="androidx.work.impl.background.systemalarm.UpdateProxies" />
168-->[androidx.work:work-runtime:2.10.0] AndroidManifest.xml:129:17-98
168-->[androidx.work:work-runtime:2.10.0] AndroidManifest.xml:129:25-95
169            </intent-filter>
170        </receiver>
171        <receiver
171-->[androidx.work:work-runtime:2.10.0] AndroidManifest.xml:132:9-142:20
172            android:name="androidx.work.impl.diagnostics.DiagnosticsReceiver"
172-->[androidx.work:work-runtime:2.10.0] AndroidManifest.xml:133:13-78
173            android:directBootAware="false"
173-->[androidx.work:work-runtime:2.10.0] AndroidManifest.xml:134:13-44
174            android:enabled="true"
174-->[androidx.work:work-runtime:2.10.0] AndroidManifest.xml:135:13-35
175            android:exported="true"
175-->[androidx.work:work-runtime:2.10.0] AndroidManifest.xml:136:13-36
176            android:permission="android.permission.DUMP" >
176-->[androidx.work:work-runtime:2.10.0] AndroidManifest.xml:137:13-57
177            <intent-filter>
177-->[androidx.work:work-runtime:2.10.0] AndroidManifest.xml:139:13-141:29
178                <action android:name="androidx.work.diagnostics.REQUEST_DIAGNOSTICS" />
178-->[androidx.work:work-runtime:2.10.0] AndroidManifest.xml:140:17-88
178-->[androidx.work:work-runtime:2.10.0] AndroidManifest.xml:140:25-85
179            </intent-filter>
180        </receiver>
181
182        <activity
182-->[androidx.compose.ui:ui-tooling-android:1.8.0] AndroidManifest.xml:23:9-25:39
183            android:name="androidx.compose.ui.tooling.PreviewActivity"
183-->[androidx.compose.ui:ui-tooling-android:1.8.0] AndroidManifest.xml:24:13-71
184            android:exported="true" />
184-->[androidx.compose.ui:ui-tooling-android:1.8.0] AndroidManifest.xml:25:13-36
185        <activity
185-->[androidx.compose.ui:ui-test-manifest:1.8.0] AndroidManifest.xml:23:9-26:79
186            android:name="androidx.activity.ComponentActivity"
186-->[androidx.compose.ui:ui-test-manifest:1.8.0] AndroidManifest.xml:24:13-63
187            android:exported="true"
187-->[androidx.compose.ui:ui-test-manifest:1.8.0] AndroidManifest.xml:25:13-36
188            android:theme="@android:style/Theme.Material.Light.NoActionBar" />
188-->[androidx.compose.ui:ui-test-manifest:1.8.0] AndroidManifest.xml:26:13-76
189
190        <service
190-->[androidx.room:room-runtime-android:2.7.1] AndroidManifest.xml:24:9-28:63
191            android:name="androidx.room.MultiInstanceInvalidationService"
191-->[androidx.room:room-runtime-android:2.7.1] AndroidManifest.xml:25:13-74
192            android:directBootAware="true"
192-->[androidx.room:room-runtime-android:2.7.1] AndroidManifest.xml:26:13-43
193            android:exported="false" />
193-->[androidx.room:room-runtime-android:2.7.1] AndroidManifest.xml:27:13-37
194
195        <receiver
195-->[androidx.profileinstaller:profileinstaller:1.4.0] AndroidManifest.xml:34:9-52:20
196            android:name="androidx.profileinstaller.ProfileInstallReceiver"
196-->[androidx.profileinstaller:profileinstaller:1.4.0] AndroidManifest.xml:35:13-76
197            android:directBootAware="false"
197-->[androidx.profileinstaller:profileinstaller:1.4.0] AndroidManifest.xml:36:13-44
198            android:enabled="true"
198-->[androidx.profileinstaller:profileinstaller:1.4.0] AndroidManifest.xml:37:13-35
199            android:exported="true"
199-->[androidx.profileinstaller:profileinstaller:1.4.0] AndroidManifest.xml:38:13-36
200            android:permission="android.permission.DUMP" >
200-->[androidx.profileinstaller:profileinstaller:1.4.0] AndroidManifest.xml:39:13-57
201            <intent-filter>
201-->[androidx.profileinstaller:profileinstaller:1.4.0] AndroidManifest.xml:40:13-42:29
202                <action android:name="androidx.profileinstaller.action.INSTALL_PROFILE" />
202-->[androidx.profileinstaller:profileinstaller:1.4.0] AndroidManifest.xml:41:17-91
202-->[androidx.profileinstaller:profileinstaller:1.4.0] AndroidManifest.xml:41:25-88
203            </intent-filter>
204            <intent-filter>
204-->[androidx.profileinstaller:profileinstaller:1.4.0] AndroidManifest.xml:43:13-45:29
205                <action android:name="androidx.profileinstaller.action.SKIP_FILE" />
205-->[androidx.profileinstaller:profileinstaller:1.4.0] AndroidManifest.xml:44:17-85
205-->[androidx.profileinstaller:profileinstaller:1.4.0] AndroidManifest.xml:44:25-82
206            </intent-filter>
207            <intent-filter>
207-->[androidx.profileinstaller:profileinstaller:1.4.0] AndroidManifest.xml:46:13-48:29
208                <action android:name="androidx.profileinstaller.action.SAVE_PROFILE" />
208-->[androidx.profileinstaller:profileinstaller:1.4.0] AndroidManifest.xml:47:17-88
208-->[androidx.profileinstaller:profileinstaller:1.4.0] AndroidManifest.xml:47:25-85
209            </intent-filter>
210            <intent-filter>
210-->[androidx.profileinstaller:profileinstaller:1.4.0] AndroidManifest.xml:49:13-51:29
211                <action android:name="androidx.profileinstaller.action.BENCHMARK_OPERATION" />
211-->[androidx.profileinstaller:profileinstaller:1.4.0] AndroidManifest.xml:50:17-95
211-->[androidx.profileinstaller:profileinstaller:1.4.0] AndroidManifest.xml:50:25-92
212            </intent-filter>
213        </receiver>
214    </application>
215
216</manifest>